0 info it worked if it ends with ok
1 verbose cli [ 'node', '/usr/local/bin/npm', 'update', '-g', 'ionic' ]
2 info using npm@2.1.14
3 info using node@v0.10.34
4 verbose node symlink /usr/local/bin/node
5 silly mapToRegistry name ionic
6 silly mapToRegistry using default registry
7 silly mapToRegistry registry https://registry.npmjs.org/
8 silly mapToRegistry uri https://registry.npmjs.org/ionic
9 verbose request uri https://registry.npmjs.org/ionic
10 verbose request no auth needed
11 info attempt registry request try #1 at 17:28:41
12 verbose request id e585f29d8a1c5527
13 verbose etag "A5JUBCD6WZ7YB41YFK8SJASKS"
14 http request GET https://registry.npmjs.org/ionic
15 http 304 https://registry.npmjs.org/ionic
16 silly get cb [ 304,
16 silly get   { date: 'Mon, 05 Jan 2015 17:28:41 GMT',
16 silly get     server: 'Apache',
16 silly get     via: '1.1 varnish',
16 silly get     'last-modified': 'Mon, 05 Jan 2015 17:28:41 GMT',
16 silly get     'cache-control': 'max-age=60',
16 silly get     etag: '"A5JUBCD6WZ7YB41YFK8SJASKS"',
16 silly get     age: '0',
16 silly get     'x-served-by': 'cache-ams4136-AMS',
16 silly get     'x-cache': 'HIT',
16 silly get     'x-cache-hits': '1',
16 silly get     'x-timer': 'S1420478921.520287,VS0,VE346',
16 silly get     vary: 'Accept',
16 silly get     'content-length': '0',
16 silly get     'keep-alive': 'timeout=10, max=50',
16 silly get     connection: 'Keep-Alive' } ]
17 verbose etag https://registry.npmjs.org/ionic from cache
18 verbose type called_on_non_object
19 verbose stack TypeError: Object.keys called on non-object
19 verbose stack     at Function.keys (native)
19 verbose stack     at unmarkExtraneous (/usr/local/lib/node_modules/npm/node_modules/read-installed/read-installed.js:362:10)
19 verbose stack     at /usr/local/lib/node_modules/npm/node_modules/read-installed/read-installed.js:137:5
19 verbose stack     at next (/usr/local/lib/node_modules/npm/node_modules/read-installed/read-installed.js:185:14)
19 verbose stack     at /usr/local/lib/node_modules/npm/node_modules/read-installed/read-installed.js:169:14
19 verbose stack     at Object.oncomplete (evalmachine.<anonymous>:108:15)
20 verbose cwd /Users/william/Desktop/OutAndUp
21 error Darwin 14.0.0
22 error argv "node" "/usr/local/bin/npm" "update" "-g" "ionic"
23 error node v0.10.34
24 error npm  v2.1.14
25 error Object.keys called on non-object
26 error If you need help, you may report this error at:
26 error     <http://github.com/npm/npm/issues>
27 verbose exit [ 1, true ]
